mode: set
github.com/imochurad/interview-accountapi/accounts_client.go:43.80,44.22 1 1
github.com/imochurad/interview-accountapi/accounts_client.go:44.22,49.3 1 1
github.com/imochurad/interview-accountapi/accounts_client.go:51.2,53.16 3 1
github.com/imochurad/interview-accountapi/accounts_client.go:53.16,59.3 1 1
github.com/imochurad/interview-accountapi/accounts_client.go:61.2,61.17 1 1
github.com/imochurad/interview-accountapi/accounts_client.go:61.17,63.3 1 1
github.com/imochurad/interview-accountapi/accounts_client.go:65.2,66.20 2 1
github.com/imochurad/interview-accountapi/accounts_client.go:66.20,68.3 1 1
github.com/imochurad/interview-accountapi/accounts_client.go:70.2,70.38 1 1
github.com/imochurad/interview-accountapi/accounts_client.go:70.38,73.3 1 1
github.com/imochurad/interview-accountapi/accounts_client.go:75.2,76.48 2 1
github.com/imochurad/interview-accountapi/accounts_client.go:76.48,83.3 1 1
github.com/imochurad/interview-accountapi/accounts_client.go:85.2,86.20 2 1
github.com/imochurad/interview-accountapi/accounts_client.go:86.20,88.3 1 1
github.com/imochurad/interview-accountapi/accounts_client.go:90.2,90.59 1 1
github.com/imochurad/interview-accountapi/accounts_client.go:93.92,98.16 3 1
github.com/imochurad/interview-accountapi/accounts_client.go:98.16,104.3 1 1
github.com/imochurad/interview-accountapi/accounts_client.go:106.2,109.17 3 1
github.com/imochurad/interview-accountapi/accounts_client.go:109.17,111.3 1 1
github.com/imochurad/interview-accountapi/accounts_client.go:113.2,113.16 1 1
github.com/imochurad/interview-accountapi/accounts_client.go:113.16,119.3 1 1
github.com/imochurad/interview-accountapi/accounts_client.go:121.2,122.20 2 1
github.com/imochurad/interview-accountapi/accounts_client.go:122.20,124.3 1 1
github.com/imochurad/interview-accountapi/accounts_client.go:126.2,126.43 1 1
github.com/imochurad/interview-accountapi/accounts_client.go:126.43,128.3 1 1
github.com/imochurad/interview-accountapi/accounts_client.go:130.2,131.20 2 1
github.com/imochurad/interview-accountapi/accounts_client.go:131.20,133.3 1 1
github.com/imochurad/interview-accountapi/accounts_client.go:135.2,135.59 1 1
github.com/imochurad/interview-accountapi/accounts_client.go:138.84,139.22 1 1
github.com/imochurad/interview-accountapi/accounts_client.go:139.22,143.3 1 1
github.com/imochurad/interview-accountapi/accounts_client.go:145.2,149.16 3 1
github.com/imochurad/interview-accountapi/accounts_client.go:149.16,154.3 1 1
github.com/imochurad/interview-accountapi/accounts_client.go:156.2,158.17 2 1
github.com/imochurad/interview-accountapi/accounts_client.go:158.17,160.3 1 1
github.com/imochurad/interview-accountapi/accounts_client.go:162.2,162.16 1 1
github.com/imochurad/interview-accountapi/accounts_client.go:162.16,167.3 1 1
github.com/imochurad/interview-accountapi/accounts_client.go:169.2,169.45 1 1
github.com/imochurad/interview-accountapi/accounts_client.go:169.45,171.21 2 1
github.com/imochurad/interview-accountapi/accounts_client.go:171.21,173.4 1 1
github.com/imochurad/interview-accountapi/accounts_client.go:174.3,174.93 1 1
github.com/imochurad/interview-accountapi/accounts_client.go:176.2,176.12 1 1
github.com/imochurad/interview-accountapi/accounts_client.go:179.95,183.16 3 1
github.com/imochurad/interview-accountapi/accounts_client.go:183.16,189.3 1 1
github.com/imochurad/interview-accountapi/accounts_client.go:190.2,190.30 1 1
github.com/imochurad/interview-accountapi/accounts_client.go:193.115,195.34 1 1
github.com/imochurad/interview-accountapi/accounts_client.go:195.34,200.3 1 1
github.com/imochurad/interview-accountapi/accounts_client.go:201.2,201.35 1 1
github.com/imochurad/interview-accountapi/accounts_client.go:204.91,207.16 2 1
github.com/imochurad/interview-accountapi/accounts_client.go:207.16,212.3 1 1
github.com/imochurad/interview-accountapi/accounts_client.go:213.2,213.27 1 1
github.com/imochurad/interview-accountapi/accounts_client.go:216.43,217.26 1 1
github.com/imochurad/interview-accountapi/accounts_client.go:217.26,219.3 1 1
github.com/imochurad/interview-accountapi/accounts_client.go:220.2,220.26 1 1
github.com/imochurad/interview-accountapi/accounts_client.go:220.26,222.3 1 1
github.com/imochurad/interview-accountapi/accounts_client.go:223.2,223.27 1 1
github.com/imochurad/interview-accountapi/accounts_client.go:223.27,225.3 1 1
github.com/imochurad/interview-accountapi/accounts_client.go:226.2,226.33 1 1
github.com/imochurad/interview-accountapi/accounts_client.go:226.33,228.3 1 1
github.com/imochurad/interview-accountapi/accounts_client.go:229.2,229.26 1 1
github.com/imochurad/interview-accountapi/accounts_client.go:229.26,231.3 1 1
github.com/imochurad/interview-accountapi/accounts_client.go:232.2,232.26 1 1
github.com/imochurad/interview-accountapi/accounts_client.go:232.26,234.3 1 1
github.com/imochurad/interview-accountapi/accounts_client.go:237.103,246.2 1 1
github.com/imochurad/interview-accountapi/accounts_client.go:250.89,251.45 1 1
github.com/imochurad/interview-accountapi/accounts_client.go:251.45,253.3 1 1
github.com/imochurad/interview-accountapi/accounts_client.go:254.2,259.25 4 1
github.com/imochurad/interview-accountapi/accounts_client.go:262.135,263.45 1 1
github.com/imochurad/interview-accountapi/accounts_client.go:263.45,265.3 1 0
github.com/imochurad/interview-accountapi/accounts_client.go:266.2,268.25 3 1
github.com/imochurad/interview-accountapi/accounts_client.go:271.126,272.45 1 1
github.com/imochurad/interview-accountapi/accounts_client.go:272.45,274.3 1 0
github.com/imochurad/interview-accountapi/accounts_client.go:275.2,277.25 3 1
github.com/imochurad/interview-accountapi/accounts_client.go:280.128,281.45 1 1
github.com/imochurad/interview-accountapi/accounts_client.go:281.45,283.3 1 0
github.com/imochurad/interview-accountapi/accounts_client.go:284.2,286.25 3 1
github.com/imochurad/interview-accountapi/accounts_client.go:289.143,290.45 1 1
github.com/imochurad/interview-accountapi/accounts_client.go:290.45,292.3 1 0
github.com/imochurad/interview-accountapi/accounts_client.go:293.2,295.25 3 1
github.com/imochurad/interview-accountapi/accounts_client.go:298.132,299.45 1 1
github.com/imochurad/interview-accountapi/accounts_client.go:299.45,301.3 1 0
github.com/imochurad/interview-accountapi/accounts_client.go:302.2,304.25 3 1
github.com/imochurad/interview-accountapi/accounts_client.go:307.128,308.45 1 1
github.com/imochurad/interview-accountapi/accounts_client.go:308.45,310.3 1 0
github.com/imochurad/interview-accountapi/accounts_client.go:311.2,313.25 3 1
github.com/imochurad/interview-accountapi/accounts_client.go:316.40,318.16 2 1
github.com/imochurad/interview-accountapi/accounts_client.go:318.16,320.3 1 1
github.com/imochurad/interview-accountapi/accounts_client.go:321.2,321.12 1 1
github.com/imochurad/interview-accountapi/accounts_client.go:324.33,327.2 2 1
github.com/imochurad/interview-accountapi/accounts_test_helper.go:8.82,9.38 1 1
github.com/imochurad/interview-accountapi/accounts_test_helper.go:9.38,12.3 2 0
github.com/imochurad/interview-accountapi/accounts_test_helper.go:14.2,14.38 1 1
github.com/imochurad/interview-accountapi/accounts_test_helper.go:14.38,17.3 2 0
github.com/imochurad/interview-accountapi/accounts_test_helper.go:19.2,19.38 1 1
github.com/imochurad/interview-accountapi/accounts_test_helper.go:19.38,21.3 1 1
github.com/imochurad/interview-accountapi/accounts_test_helper.go:23.2,23.30 1 1
github.com/imochurad/interview-accountapi/accounts_test_helper.go:23.30,25.3 1 0
github.com/imochurad/interview-accountapi/accounts_test_helper.go:27.2,27.54 1 1
github.com/imochurad/interview-accountapi/accounts_test_helper.go:27.54,29.3 1 0
github.com/imochurad/interview-accountapi/accounts_test_helper.go:31.2,31.34 1 1
github.com/imochurad/interview-accountapi/accounts_test_helper.go:31.34,33.3 1 0
github.com/imochurad/interview-accountapi/accounts_test_helper.go:35.2,37.61 2 1
github.com/imochurad/interview-accountapi/accounts_test_helper.go:40.93,41.38 1 1
github.com/imochurad/interview-accountapi/accounts_test_helper.go:41.38,44.3 2 0
github.com/imochurad/interview-accountapi/accounts_test_helper.go:46.2,46.38 1 1
github.com/imochurad/interview-accountapi/accounts_test_helper.go:46.38,49.3 2 0
github.com/imochurad/interview-accountapi/accounts_test_helper.go:51.2,51.38 1 1
github.com/imochurad/interview-accountapi/accounts_test_helper.go:51.38,53.3 1 1
github.com/imochurad/interview-accountapi/accounts_test_helper.go:55.2,62.52 7 1
github.com/imochurad/interview-accountapi/accounts_test_helper.go:62.52,66.3 1 0
github.com/imochurad/interview-accountapi/accounts_test_helper.go:68.2,68.80 1 1
github.com/imochurad/interview-accountapi/accounts_test_helper.go:68.80,71.37 3 0
github.com/imochurad/interview-accountapi/accounts_test_helper.go:71.37,73.4 1 0
github.com/imochurad/interview-accountapi/accounts_test_helper.go:74.3,74.39 1 0
github.com/imochurad/interview-accountapi/accounts_test_helper.go:74.39,76.4 1 0
github.com/imochurad/interview-accountapi/accounts_test_helper.go:78.3,79.59 1 0
github.com/imochurad/interview-accountapi/accounts_test_helper.go:82.2,82.38 1 1
github.com/imochurad/interview-accountapi/accounts_test_helper.go:82.38,84.3 1 0
github.com/imochurad/interview-accountapi/accounts_test_helper.go:86.2,86.46 1 1
github.com/imochurad/interview-accountapi/accounts_test_helper.go:86.46,88.3 1 0
github.com/imochurad/interview-accountapi/accounts_test_helper.go:90.2,90.50 1 1
github.com/imochurad/interview-accountapi/accounts_test_helper.go:90.50,92.3 1 0
github.com/imochurad/interview-accountapi/accounts_test_helper.go:94.2,94.32 1 1
github.com/imochurad/interview-accountapi/accounts_test_helper.go:94.32,96.3 1 0
github.com/imochurad/interview-accountapi/accounts_test_helper.go:98.2,98.34 1 1
github.com/imochurad/interview-accountapi/accounts_test_helper.go:98.34,100.3 1 0
github.com/imochurad/interview-accountapi/accounts_test_helper.go:102.2,102.46 1 1
github.com/imochurad/interview-accountapi/accounts_test_helper.go:102.46,104.3 1 0
github.com/imochurad/interview-accountapi/accounts_test_helper.go:106.2,106.72 1 1
github.com/imochurad/interview-accountapi/accounts_test_helper.go:106.72,110.3 1 0
github.com/imochurad/interview-accountapi/accounts_test_helper.go:112.2,112.56 1 1
github.com/imochurad/interview-accountapi/accounts_test_helper.go:112.56,115.25 3 0
github.com/imochurad/interview-accountapi/accounts_test_helper.go:115.25,117.4 1 0
github.com/imochurad/interview-accountapi/accounts_test_helper.go:118.3,118.27 1 0
github.com/imochurad/interview-accountapi/accounts_test_helper.go:118.27,120.4 1 0
github.com/imochurad/interview-accountapi/accounts_test_helper.go:122.3,123.37 1 0
github.com/imochurad/interview-accountapi/accounts_test_helper.go:127.76,128.38 1 1
github.com/imochurad/interview-accountapi/accounts_test_helper.go:128.38,131.3 2 0
github.com/imochurad/interview-accountapi/accounts_test_helper.go:133.2,133.38 1 1
github.com/imochurad/interview-accountapi/accounts_test_helper.go:133.38,136.3 2 0
github.com/imochurad/interview-accountapi/accounts_test_helper.go:138.2,138.38 1 1
github.com/imochurad/interview-accountapi/accounts_test_helper.go:138.38,140.3 1 1
github.com/imochurad/interview-accountapi/accounts_test_helper.go:142.2,142.50 1 1
github.com/imochurad/interview-accountapi/accounts_test_helper.go:142.50,144.3 1 0
github.com/imochurad/interview-accountapi/accounts_test_helper.go:146.2,146.50 1 1
github.com/imochurad/interview-accountapi/accounts_test_helper.go:146.50,148.3 1 0
github.com/imochurad/interview-accountapi/accounts_test_helper.go:150.2,150.40 1 1
github.com/imochurad/interview-accountapi/accounts_test_helper.go:150.40,152.3 1 0
github.com/imochurad/interview-accountapi/accounts_test_helper.go:154.2,154.46 1 1
github.com/imochurad/interview-accountapi/accounts_test_helper.go:154.46,156.3 1 0
github.com/imochurad/interview-accountapi/accounts_test_helper.go:158.2,158.40 1 1
github.com/imochurad/interview-accountapi/accounts_test_helper.go:158.40,160.3 1 0
github.com/imochurad/interview-accountapi/accounts_test_helper.go:162.2,162.70 1 1
github.com/imochurad/interview-accountapi/accounts_test_helper.go:162.70,164.3 1 0
github.com/imochurad/interview-accountapi/accounts_test_helper.go:166.2,166.70 1 1
github.com/imochurad/interview-accountapi/accounts_test_helper.go:166.70,168.3 1 0
github.com/imochurad/interview-accountapi/accounts_test_helper.go:170.2,171.78 1 1
github.com/imochurad/interview-accountapi/accounts_test_helper.go:171.78,174.36 3 0
github.com/imochurad/interview-accountapi/accounts_test_helper.go:174.36,176.4 1 0
github.com/imochurad/interview-accountapi/accounts_test_helper.go:177.3,177.38 1 0
github.com/imochurad/interview-accountapi/accounts_test_helper.go:177.38,179.4 1 0
github.com/imochurad/interview-accountapi/accounts_test_helper.go:181.3,182.49 1 0
github.com/imochurad/interview-accountapi/errors.go:10.36,11.20 1 1
github.com/imochurad/interview-accountapi/errors.go:11.20,13.3 1 1
github.com/imochurad/interview-accountapi/errors.go:14.2,14.44 1 1
github.com/imochurad/interview-accountapi/test_utils.go:8.66,9.26 1 1
github.com/imochurad/interview-accountapi/test_utils.go:9.26,11.3 1 0
github.com/imochurad/interview-accountapi/test_utils.go:13.2,13.26 1 1
github.com/imochurad/interview-accountapi/test_utils.go:13.26,15.3 1 0
github.com/imochurad/interview-accountapi/test_utils.go:17.2,17.26 1 1
github.com/imochurad/interview-accountapi/test_utils.go:17.26,19.3 1 0
github.com/imochurad/interview-accountapi/test_utils.go:21.2,21.22 1 1
github.com/imochurad/interview-accountapi/test_utils.go:21.22,23.3 1 0
github.com/imochurad/interview-accountapi/test_utils.go:25.2,25.22 1 1
github.com/imochurad/interview-accountapi/test_utils.go:25.22,26.16 1 1
github.com/imochurad/interview-accountapi/test_utils.go:26.16,28.4 1 0
github.com/imochurad/interview-accountapi/test_utils.go:30.2,30.13 1 1
github.com/imochurad/interview-accountapi/test_utils.go:33.122,34.38 1 1
github.com/imochurad/interview-accountapi/test_utils.go:34.38,36.3 1 0
github.com/imochurad/interview-accountapi/test_utils.go:38.2,38.38 1 1
github.com/imochurad/interview-accountapi/test_utils.go:38.38,40.3 1 0
github.com/imochurad/interview-accountapi/test_utils.go:42.2,42.38 1 1
github.com/imochurad/interview-accountapi/test_utils.go:42.38,43.27 1 1
github.com/imochurad/interview-accountapi/test_utils.go:43.27,46.4 1 0
